#
# A fatal error has been detected by the Java Runtime Environment:
#
#  EXCEPTION_ACCESS_VIOLATION (0xc0000005) at pc=0x000000006e38d68b, pid=23136, tid=23236
#
# JRE version: 7.0_15-b03
# Java VM: Java HotSpot(TM) 64-Bit Server VM (23.7-b01 mixed mode windows-amd64 compressed oops)
# Problematic frame:
# V  [jvm.dll+0x11d68b]
#
# Failed to write core dump. Minidumps are not enabled by default on client versions of Windows
#
# If you would like to submit a bug report, please visit:
#   http://bugreport.sun.com/bugreport/crash.jsp
#

---------------  T H R E A D  ---------------

Current thread (0x000000000dfaa000):  JavaThread "JDWP Transport Listener: dt_socket" daemon [_thread_in_vm, id=23236, stack(0x000000000e9b0000,0x000000000eab0000)]

siginfo: ExceptionCode=0xc0000005, reading address 0xffffffffffffffff

Registers:
RAX=0x000000000eaaf201, RBX=0x000000000dfaa000, RCX=0x6d496c3b6c706d49, RDX=0x000000000dfaa000
RSP=0x000000000eaaf1c0, RBP=0x6d496c3b6c706d49, RSI=0x000000000eaaf2d8, RDI=0x0000000000478910
R8 =0x000000000eaaf2d8, R9 =0x000000000000ff00, R10=0x0000000000000000, R11=0x0000044801a60016
R12=0x0000000000000000, R13=0x0000000000000000, R14=0x0000000000000000, R15=0x0000000000000000
RIP=0x000000006e38d68b, EFLAGS=0x0000000000010202

Top of Stack: (sp=0x000000000eaaf1c0)
0x000000000eaaf1c0:   000000000dfaa000 00000000020c4570
0x000000000eaaf1d0:   000000000eaaf288 000000006e513f99
0x000000000eaaf1e0:   000000000dfaa000 000000006e52f962
0x000000000eaaf1f0:   0000000000000000 000000000dfaa000
0x000000000eaaf200:   000000000be34190 000000006cac264e
0x000000000eaaf210:   000000000dfaa000 0000000000000000
0x000000000eaaf220:   0000000000000000 0000000000000000
0x000000000eaaf230:   6d496c3b6c706d49 000000006cac1745
0x000000000eaaf240:   000000000eaaf2d8 000000000eaaf2b0
0x000000000eaaf250:   0000000000000001 000000000be34190
0x000000000eaaf260:   6d496c3b6c706d49 000000006caa53b3
0x000000000eaaf270:   000000000eaaf3a0 0000000000000001
0x000000000eaaf280:   0000000000000001 000000000be34190
0x000000000eaaf290:   000000000000000a 0000000000000000
0x000000000eaaf2a0:   0000000000000000 0000000000000000
0x000000000eaaf2b0:   0000000000000001 000000006caa5571 

Instructions: (pc=0x000000006e38d68b)
0x000000006e38d66b:   48 8b 5c 24 30 48 89 47 18 48 83 c4 20 5f c3 cc
0x000000006e38d67b:   cc cc cc cc cc 40 53 48 83 ec 20 48 85 c9 74 54
0x000000006e38d68b:   48 8b 19 48 85 db 74 4c 48 b8 fe fe fe fe fe fe
0x000000006e38d69b:   fe fe 48 3b d8 74 3d 80 3d 6f e6 58 00 00 74 15 


Register to memory mapping:

RAX=0x000000000eaaf201 is pointing into the stack for thread: 0x000000000dfaa000
RBX=0x000000000dfaa000 is a thread
RCX=0x6d496c3b6c706d49 is an unknown value
RDX=0x000000000dfaa000 is a thread
RSP=0x000000000eaaf1c0 is pointing into the stack for thread: 0x000000000dfaa000
RBP=0x6d496c3b6c706d49 is an unknown value
RSI=0x000000000eaaf2d8 is pointing into the stack for thread: 0x000000000dfaa000
RDI=0x0000000000478910 is an unknown value
R8 =0x000000000eaaf2d8 is pointing into the stack for thread: 0x000000000dfaa000
R9 =0x000000000000ff00 is an unknown value
R10=0x0000000000000000 is an unknown value
R11=0x0000044801a60016 is an unknown value
R12=0x0000000000000000 is an unknown value
R13=0x0000000000000000 is an unknown value
R14=0x0000000000000000 is an unknown value
R15=0x0000000000000000 is an unknown value


Stack: [0x000000000e9b0000,0x000000000eab0000],  sp=0x000000000eaaf1c0,  free space=1020k
Native frames: (J=compiled Java code, j=interpreted, Vv=VM code, C=native code)
V  [jvm.dll+0x11d68b]


---------------  P R O C E S S  ---------------

Java Threads: ( => current thread )
  0x000000000dfd0000 JavaThread "Service Thread" daemon [_thread_blocked, id=23276, stack(0x000000000f110000,0x000000000f210000)]
  0x000000000dfcf800 JavaThread "C2 CompilerThread1" daemon [_thread_blocked, id=23272, stack(0x000000000efc0000,0x000000000f0c0000)]
  0x000000000dfcc000 JavaThread "C2 CompilerThread0" daemon [_thread_blocked, id=23268, stack(0x000000000ed10000,0x000000000ee10000)]
  0x000000000dfb9000 JavaThread "JDWP Command Reader" daemon [_thread_in_native, id=23252, stack(0x000000000ec00000,0x000000000ed00000)]
  0x000000000dfb8000 JavaThread "JDWP Event Helper Thread" daemon [_thread_blocked, id=23248, stack(0x000000000e7e0000,0x000000000e8e0000)]
=>0x000000000dfaa000 JavaThread "JDWP Transport Listener: dt_socket" daemon [_thread_in_vm, id=23236, stack(0x000000000e9b0000,0x000000000eab0000)]
  0x000000000dfa4000 JavaThread "Attach Listener" daemon [_thread_blocked, id=23224, stack(0x000000000e3e0000,0x000000000e4e0000)]
  0x000000000dfa3000 JavaThread "Signal Dispatcher" daemon [_thread_blocked, id=23220, stack(0x000000000db60000,0x000000000dc60000)]
  0x000000000be36000 JavaThread "Finalizer" daemon [_thread_blocked, id=23216, stack(0x000000000de30000,0x000000000df30000)]
  0x000000000be34800 JavaThread "Reference Handler" daemon [_thread_blocked, id=23212, stack(0x000000000dc70000,0x000000000dd70000)]
  0x000000000047e800 JavaThread "main" [_thread_blocked, id=23168, stack(0x0000000002480000,0x0000000002580000)]

Other Threads:
  0x000000000be2b000 VMThread [stack: 0x000000000d9a0000,0x000000000daa0000] [id=23208]
  0x000000000dfed000 WatcherThread [stack: 0x000000000f2c0000,0x000000000f3c0000] [id=23280]

VM state:not at safepoint (normal execution)

VM Mutex/Monitor currently owned by a thread: None

Heap
 PSYoungGen      total 38016K, used 1958K [0x00000007d5a00000, 0x00000007d8460000, 0x0000000800000000)
  eden space 32640K, 6% used [0x00000007d5a00000,0x00000007d5be9a48,0x00000007d79e0000)
  from space 5376K, 0% used [0x00000007d7f20000,0x00000007d7f20000,0x00000007d8460000)
  to   space 5376K, 0% used [0x00000007d79e0000,0x00000007d79e0000,0x00000007d7f20000)
 ParOldGen       total 86784K, used 0K [0x0000000780e00000, 0x00000007862c0000, 0x00000007d5a00000)
  object space 86784K, 0% used [0x0000000780e00000,0x0000000780e00000,0x00000007862c0000)
 PSPermGen       total 21248K, used 3334K [0x000000077bc00000, 0x000000077d0c0000, 0x0000000780e00000)
  object space 21248K, 15% used [0x000000077bc00000,0x000000077bf41b40,0x000000077d0c0000)

Card table byte_map: [0x0000000005580000,0x00000000059b0000] byte_map_base: 0x00000000019a2000

Polling page: 0x0000000000460000

Code Cache  [0x0000000002580000, 0x00000000027f0000, 0x0000000005580000)
 total_blobs=185 nmethods=3 adapters=142 free_code_cache=48765Kb largest_free_block=49916416

Compilation events (6 events):
Event: 0.135 Thread 0x000000000dfcc000    1             java.lang.String::charAt (29 bytes)
Event: 0.137 Thread 0x000000000dfcc000 nmethod 1 0x00000000025e0710 code [0x00000000025e0860, 0x00000000025e0938]
Event: 0.148 Thread 0x000000000dfcf800    2             sun.misc.ASCIICaseInsensitiveComparator::compare (126 bytes)
Event: 0.151 Thread 0x000000000dfcc000    3             java.lang.String::hashCode (55 bytes)
Event: 0.151 Thread 0x000000000dfcf800 nmethod 2 0x00000000025df810 code [0x00000000025df960, 0x00000000025dfd98]
Event: 0.152 Thread 0x000000000dfcc000 nmethod 3 0x00000000025df490 code [0x00000000025df5c0, 0x00000000025df758]

GC Heap History (0 events):
No events

Deoptimization events (0 events):
No events

Internal exceptions (10 events):
Event: 0.123 Thread 0x000000000047e800 Threw 0x00000007d5b4ccb8 at C:\jdk7u2_64p\jdk7u15\hotspot\src\share\vm\prims\jvm.cpp:1166
Event: 0.129 Thread 0x000000000047e800 Threw 0x00000007d5b683d8 at C:\jdk7u2_64p\jdk7u15\hotspot\src\share\vm\prims\jvm.cpp:1166
Event: 0.130 Thread 0x000000000047e800 Threw 0x00000007d5b6aa30 at C:\jdk7u2_64p\jdk7u15\hotspot\src\share\vm\prims\jvm.cpp:1166
Event: 0.130 Thread 0x000000000047e800 Threw 0x00000007d5b6e888 at C:\jdk7u2_64p\jdk7u15\hotspot\src\share\vm\prims\jvm.cpp:1166
Event: 0.135 Thread 0x000000000047e800 Threw 0x00000007d5b723a8 at C:\jdk7u2_64p\jdk7u15\hotspot\src\share\vm\prims\jvm.cpp:1166
Event: 0.135 Thread 0x000000000047e800 Threw 0x00000007d5b75e40 at C:\jdk7u2_64p\jdk7u15\hotspot\src\share\vm\prims\jvm.cpp:1166
Event: 0.136 Thread 0x000000000047e800 Threw 0x00000007d5b78120 at C:\jdk7u2_64p\jdk7u15\hotspot\src\share\vm\prims\jvm.cpp:1166
Event: 0.138 Thread 0x000000000047e800 Threw 0x00000007d5b7b7f0 at C:\jdk7u2_64p\jdk7u15\hotspot\src\share\vm\prims\jvm.cpp:1166
Event: 0.138 Thread 0x000000000047e800 Threw 0x00000007d5b7ee40 at C:\jdk7u2_64p\jdk7u15\hotspot\src\share\vm\prims\jvm.cpp:1166
Event: 0.138 Thread 0x000000000047e800 Threw 0x00000007d5b81268 at C:\jdk7u2_64p\jdk7u15\hotspot\src\share\vm\prims\jvm.cpp:1166

Events (10 events):
Event: 709.327 Executing VM operation: RedefineClasses
Event: 709.327 Executing VM operation: RedefineClasses done
Event: 709.331 Executing VM operation: ChangeBreakpoints
Event: 709.331 Executing VM operation: ChangeBreakpoints done
Event: 709.335 Executing VM operation: ChangeBreakpoints
Event: 709.335 Executing VM operation: ChangeBreakpoints done
Event: 709.340 Executing VM operation: ChangeBreakpoints
Event: 709.340 Executing VM operation: ChangeBreakpoints done
Event: 1358.482 Executing VM operation: RedefineClasses
Event: 1358.483 Executing VM operation: RedefineClasses done


Dynamic libraries:
0x000000013fd70000 - 0x000000013fda3000 	D:\Program Files\Java\jdk1.7.0_15\bin\javaw.exe
0x0000000077140000 - 0x00000000772e9000 	C:\Windows\SYSTEM32\ntdll.dll
0x0000000077020000 - 0x0000000077140000 	C:\Windows\system32\kernel32.dll
0x000007fefcf10000 - 0x000007fefcf7c000 	C:\Windows\system32\KERNELBASE.dll
0x000007feff0b0000 - 0x000007feff18b000 	C:\Windows\system32\ADVAPI32.dll
0x000007fefedc0000 - 0x000007fefee5f000 	C:\Windows\system32\msvcrt.dll
0x000007fefee60000 - 0x000007fefee7f000 	C:\Windows\SYSTEM32\sechost.dll
0x000007fefd6a0000 - 0x000007fefd7cd000 	C:\Windows\system32\RPCRT4.dll
0x0000000076f20000 - 0x000000007701a000 	C:\Windows\system32\USER32.dll
0x000007fefd7d0000 - 0x000007fefd837000 	C:\Windows\system32\GDI32.dll
0x000007fefd380000 - 0x000007fefd38e000 	C:\Windows\system32\LPK.dll
0x000007fefebe0000 - 0x000007fefeca9000 	C:\Windows\system32\USP10.dll
0x000007fefbac0000 - 0x000007fefbcb4000 	C:\Windows\WinSxS\amd64_microsoft.windows.common-controls_6595b64144ccf1df_6.0.7601.18837_none_fa3b1e3d17594757\COMCTL32.dll
0x000007fefeab0000 - 0x000007fefeb21000 	C:\Windows\system32\SHLWAPI.dll
0x000007fefeed0000 - 0x000007fefeefe000 	C:\Windows\system32\IMM32.DLL
0x000007fefecb0000 - 0x000007fefedb9000 	C:\Windows\system32\MSCTF.dll
0x0000000078b90000 - 0x0000000078c61000 	D:\Program Files\Java\jdk1.7.0_15\jre\bin\msvcr100.dll
0x000000006e270000 - 0x000000006e98f000 	D:\Program Files\Java\jdk1.7.0_15\jre\bin\server\jvm.dll
0x000007fef8fd0000 - 0x000007fef8fd9000 	C:\Windows\system32\WSOCK32.dll
0x000007fefee80000 - 0x000007fefeecd000 	C:\Windows\system32\WS2_32.dll
0x000007fefeb30000 - 0x000007fefeb38000 	C:\Windows\system32\NSI.dll
0x000007fef8fe0000 - 0x000007fef901b000 	C:\Windows\system32\WINMM.dll
0x0000000077300000 - 0x0000000077307000 	C:\Windows\system32\PSAPI.DLL
0x000000006ea90000 - 0x000000006ea9f000 	D:\Program Files\Java\jdk1.7.0_15\jre\bin\verify.dll
0x000000006d3e0000 - 0x000000006d408000 	D:\Program Files\Java\jdk1.7.0_15\jre\bin\java.dll
0x000000006caa0000 - 0x000000006cad5000 	D:\Program Files\Java\jdk1.7.0_15\jre\bin\jdwp.dll
0x0000000070710000 - 0x0000000070718000 	D:\Program Files\Java\jdk1.7.0_15\jre\bin\npt.dll
0x000000005fca0000 - 0x000000005fcb5000 	D:\Program Files\Java\jdk1.7.0_15\jre\bin\zip.dll
0x00000000004e0000 - 0x00000000004e9000 	D:\Program Files\Java\jdk1.7.0_15\jre\bin\dt_socket.dll
0x000007fefa280000 - 0x000007fefa295000 	C:\Windows\system32\NLAapi.dll
0x000007fef8eb0000 - 0x000007fef8ec5000 	C:\Windows\system32\napinsp.dll
0x000007fef8e90000 - 0x000007fef8ea9000 	C:\Windows\system32\pnrpnsp.dll
0x000007fefc660000 - 0x000007fefc6b5000 	C:\Windows\System32\mswsock.dll
0x000007fefc4e0000 - 0x000007fefc53b000 	C:\Windows\system32\DNSAPI.dll
0x000007fef8e80000 - 0x000007fef8e8b000 	C:\Windows\System32\winrnr.dll
0x000007fef9d80000 - 0x000007fef9da7000 	C:\Windows\system32\IPHLPAPI.DLL
0x000007fef9d60000 - 0x000007fef9d6b000 	C:\Windows\system32\WINNSI.DLL
0x000007fef9c60000 - 0x000007fef9cb3000 	C:\Windows\System32\fwpuclnt.dll
0x000007fef8600000 - 0x000007fef8608000 	C:\Windows\system32\rasadhlp.dll
0x000007fefc080000 - 0x000007fefc087000 	C:\Windows\System32\wshtcpip.dll
0x000007fefab30000 - 0x000007fefac55000 	C:\Windows\system32\dbghelp.dll

VM Arguments:
jvm_args: -agentlib:jdwp=transport=dt_socket,suspend=y,address=localhost:56694 -Dfile.encoding=GBK 
java_command: MainTest
Launcher Type: SUN_STANDARD

Environment Variables:
JAVA_HOME=D:\Program Files\Java\jdk1.7.0_15
CLASSPATH=.;D:\Program Files\Java\jdk1.7.0_15\lib;D:\Program Files\Java\jdk1.7.0_15\lib\tools.jar;
PATH=C:\Program Files (x86)\Intel\iCLS Client\;C:\Program Files\Intel\iCLS Client\;C:\Windows\system32;C:\Windows;C:\Windows\System32\Wbem;C:\Windows\System32\WindowsPowerShell\v1.0\;C:\Program Files (x86)\NVIDIA Corporation\PhysX\Common;C:\Program Files\Intel\Intel(R) Management Engine Components\DAL;C:\Program Files\Intel\Intel(R) Management Engine Components\IPT;C:\Program Files (x86)\Intel\Intel(R) Management Engine Components\DAL;C:\Program Files (x86)\Intel\Intel(R) Management Engine Components\IPT;D:\Program Files\Java\jdk1.7.0_15\bin;D:\Program Files\Java\jdk1.7.0_15\jre\bin;D:\Program Files (x86)\MySQL\MySQL Server 5.5\bin
USERNAME=dell
OS=Windows_NT
PROCESSOR_IDENTIFIER=Intel64 Family 6 Model 60 Stepping 3, GenuineIntel



---------------  S Y S T E M  ---------------

OS: Windows 7 , 64 bit Build 7601 Service Pack 1

CPU:total 8 (4 cores per cpu, 2 threads per core) family 6 model 60 stepping 3, cmov, cx8, fxsr, mmx, sse, sse2, sse3, ssse3, sse4.1, sse4.2, popcnt, avx, avx2, ht, tsc, tscinvbit

Memory: 4k page, physical 8329364k(3617772k free), swap 16656892k(9092876k free)

vm_info: Java HotSpot(TM) 64-Bit Server VM (23.7-b01) for windows-amd64 JRE (1.7.0_15-b03), built on Feb 15 2013 13:43:57 by "java_re" with unknown MS VC++:1600

time: Mon Nov 16 19:11:48 2015
elapsed time: 1358 seconds

